TN:
SF:02-ratelimitter.js
FNF:0
FNH:0
DA:1,1
DA:2,1
DA:3,1
DA:4,1
DA:5,1
DA:6,1
DA:7,1
DA:8,1
DA:9,1
DA:10,1
DA:11,1
DA:12,1
DA:13,1
DA:14,1
DA:15,1
DA:16,1
DA:17,1
DA:18,1
DA:19,1
DA:20,1
DA:21,1
DA:22,1
DA:23,1
DA:24,1
DA:25,1
DA:26,1
DA:27,1
DA:28,1
DA:29,1
DA:30,1
DA:31,1
DA:32,1
DA:33,1
DA:34,1
DA:35,1
DA:36,1
DA:37,1
DA:38,1
DA:39,1
DA:40,1
DA:41,1
DA:42,1
DA:43,1
DA:44,1
DA:45,1
DA:46,1
DA:47,1
DA:48,1
DA:49,1
DA:50,1
DA:51,1
DA:52,1
DA:53,1
DA:54,1
DA:55,1
DA:56,1
DA:57,1
DA:58,1
DA:59,1
DA:60,2
DA:61,1
DA:62,1
DA:63,1
DA:64,13
DA:65,13
DA:66,13
DA:67,11
DA:68,11
DA:69,7
DA:70,11
DA:71,4
DA:72,4
DA:73,13
DA:74,2
DA:75,2
DA:76,2
DA:77,13
DA:78,1
DA:79,1
DA:80,1
DA:81,6
DA:82,1
DA:83,1
DA:84,1
DA:85,0
DA:86,1
DA:87,1
DA:88,1
LF:88
LH:87
BRDA:59,0,0,2
BRDA:63,1,0,13
BRDA:66,2,0,11
BRDA:68,3,0,7
BRDA:70,4,0,4
BRDA:73,5,0,2
BRDA:80,6,0,6
BRF:7
BRH:7
end_of_record
